<?xml version="1.0" encoding="UTF-8"?>
<!-- Generated by org.testng.reporters.JUnitReportReporter -->
<testsuite skipped="0" hostname="DESKTOP-EU0S586" name="testNGFeatures.TestNGDemo2" tests="4" failures="0" timestamp="15 Oct 2024 23:02:33 GMT" time="0.030" errors="0">
  <testcase name="funC" time="0.000" classname="testNGFeatures.TestNGDemo2"/>
  <testcase name="funA" time="0.016" classname="testNGFeatures.TestNGDemo2"/>
  <testcase name="funB" time="0.001" classname="testNGFeatures.TestNGDemo2"/>
  <testcase name="funD" time="0.013" classname="testNGFeatures.TestNGDemo2"/>
</testsuite> <!-- testNGFeatures.TestNGDemo2 -->
