<?xml version="1.0" encoding="UTF-8"?>
<!-- Generated by org.testng.reporters.JUnitReportReporter -->
<testsuite skipped="0" hostname="DESKTOP-EU0S586" name="TestNGFeature1.TestNGAnnotation1" tests="1" failures="0" timestamp="15 Oct 2024 23:18:00 GMT" time="0.017" errors="0">
  <testcase name="funA" time="0.017" classname="TestNGFeature1.TestNGAnnotation1"/>
</testsuite> <!-- TestNGFeature1.TestNGAnnotation1 -->
