<?xml version="1.0" encoding="UTF-8"?>
<!-- Generated by org.testng.reporters.JUnitReportReporter -->
<testsuite skipped="0" hostname="DESKTOP-EU0S586" name="testNGFeatures.TestNGDemo4" tests="4" failures="0" timestamp="15 Oct 2024 23:08:57 GMT" time="0.019" errors="0">
  <testcase name="funA" time="0.018" classname="testNGFeatures.TestNGDemo4"/>
  <testcase name="funD" time="0.000" classname="testNGFeatures.TestNGDemo4"/>
  <testcase name="funC" time="0.000" classname="testNGFeatures.TestNGDemo4"/>
  <testcase name="funB" time="0.001" classname="testNGFeatures.TestNGDemo4"/>
</testsuite> <!-- testNGFeatures.TestNGDemo4 -->
