<?xml version="1.0" encoding="UTF-8"?>
<!-- Generated by org.testng.reporters.JUnitReportReporter -->
<testsuite skipped="0" hostname="DESKTOP-EU0S586" name="testNGFeatures.TestNGDemo5" tests="5" failures="0" timestamp="16 Oct 2024 01:38:17 GMT" time="0.003" errors="0">
  <testcase name="funA" time="0.003" classname="testNGFeatures.TestNGDemo5"/>
  <testcase name="funC" time="0.000" classname="testNGFeatures.TestNGDemo5"/>
  <testcase name="funD" time="0.000" classname="testNGFeatures.TestNGDemo5"/>
  <testcase name="funE" time="0.000" classname="testNGFeatures.TestNGDemo5"/>
  <testcase name="funB" time="0.000" classname="testNGFeatures.TestNGDemo5"/>
</testsuite> <!-- testNGFeatures.TestNGDemo5 -->
