<?xml version="1.0" encoding="UTF-8"?>
<!-- Generated by org.testng.reporters.JUnitReportReporter -->
<testsuite skipped="0" hostname="DESKTOP-EU0S586" name="testNGFeatures.TestNGDemo6" tests="3" failures="0" timestamp="10 Oct 2024 03:09:28 GMT" time="0.011" errors="0">
  <testcase name="funC" time="0.009" classname="testNGFeatures.TestNGDemo6"/>
  <testcase name="funA" time="0.001" classname="testNGFeatures.TestNGDemo6"/>
  <testcase name="funB" time="0.001" classname="testNGFeatures.TestNGDemo6"/>
</testsuite> <!-- testNGFeatures.TestNGDemo6 -->
