<?xml version="1.0" encoding="UTF-8"?>
<!-- Generated by org.testng.reporters.JUnitReportReporter -->
<testsuite skipped="3" hostname="DESKTOP-EU0S586" name="testNGFeatures.TestNGDemo7" tests="5" failures="0" timestamp="16 Oct 2024 01:40:28 GMT" time="0.009" errors="0">
  <testcase name="funE" time="0.000" classname="testNGFeatures.TestNGDemo7"/>
  <testcase name="funF" time="0.000" classname="testNGFeatures.TestNGDemo7">
    <skipped/>
  </testcase> <!-- funF -->
  <testcase name="funC" time="0.009" classname="testNGFeatures.TestNGDemo7"/>
  <testcase name="funD" classname="testNGFeatures.TestNGDemo7">
    <skipped/>
  </testcase> <!-- funD -->
  <testcase name="funA" classname="testNGFeatures.TestNGDemo7">
    <skipped/>
  </testcase> <!-- funA -->
</testsuite> <!-- testNGFeatures.TestNGDemo7 -->
