<?xml version="1.0" encoding="UTF-8"?>
<!-- Generated by org.testng.reporters.JUnitReportReporter -->
<testsuite skipped="0" hostname="DESKTOP-EU0S586" name="testNGFeatures.TestNGDemo8" tests="2" failures="0" timestamp="16 Oct 2024 01:41:34 GMT" time="0.005" errors="0">
  <testcase name="login" time="0.005" classname="testNGFeatures.TestNGDemo8"/>
  <testcase name="fundTransfer" time="0.000" classname="testNGFeatures.TestNGDemo8"/>
</testsuite> <!-- testNGFeatures.TestNGDemo8 -->
