<?xml version="1.0" encoding="UTF-8"?>
<!-- Generated by org.testng.reporters.JUnitReportReporter -->
<testsuite skipped="0" hostname="DESKTOP-EU0S586" name="testNGFeatures.TestNGDemo3" tests="4" failures="0" timestamp="09 Oct 2024 04:12:50 GMT" time="0.012" errors="0">
  <testcase name="funB" time="0.002" classname="testNGFeatures.TestNGDemo3"/>
  <testcase name="funD" time="0.002" classname="testNGFeatures.TestNGDemo3"/>
  <testcase name="funC" time="0.000" classname="testNGFeatures.TestNGDemo3"/>
  <testcase name="funA" time="0.008" classname="testNGFeatures.TestNGDemo3"/>
</testsuite> <!-- testNGFeatures.TestNGDemo3 -->
