<?xml version="1.0" encoding="UTF-8"?>
<!-- Generated by org.testng.reporters.JUnitReportReporter -->
<testsuite skipped="0" hostname="DESKTOP-EU0S586" name="testNGFeatures.JUnitDemo1" tests="1" failures="0" timestamp="09 Oct 2024 04:00:54 GMT" time="0.009" errors="0">
  <testcase name="rbg" time="0.009" classname="testNGFeatures.JUnitDemo1"/>
</testsuite> <!-- testNGFeatures.JUnitDemo1 -->
