<?xml version="1.0" encoding="UTF-8"?>
<!-- Generated by org.testng.reporters.JUnitReportReporter -->
<testsuite skipped="0" hostname="DESKTOP-EU0S586" name="testNGFeatures.NewTest" tests="1" failures="0" timestamp="10 Oct 2024 04:18:36 GMT" time="0.006" errors="0">
  <testcase name="f" time="0.006" classname="testNGFeatures.NewTest"/>
</testsuite> <!-- testNGFeatures.NewTest -->
