<?xml version="1.0" encoding="UTF-8"?>
<!-- Generated by org.testng.reporters.JUnitReportReporter -->
<testsuite skipped="0" hostname="DESKTOP-EU0S586" name="TestNGFeature1.AnnotationDemo1" tests="1" failures="0" timestamp="10 Oct 2024 04:10:16 GMT" time="0.005" errors="0">
  <testcase name="funA" time="0.005" classname="TestNGFeature1.AnnotationDemo1"/>
</testsuite> <!-- TestNGFeature1.AnnotationDemo1 -->
